<?xml version="1.0" encoding="UTF-8"?>
<!-- Generated by org.testng.reporters.JUnitXMLReporter -->
<testsuite ignored="0" hostname="DheenatalansAir.fios-router.home" failures="1" tests="1" name="Test" time="2.518" errors="0" timestamp="2024-07-31T16:17:17 EDT">
  <testcase classname="io.cucumber.testng.AbstractTestNGCucumberTests" name="runScenario" time="1.736">
    <failure type="org.openqa.selenium.SessionNotCreatedException" message="Could not start a new session. Response code 500. Message: unknown error: Chrome failed to start: exited abnormally.
  (unknown error: DevToolsActivePort file doesn&amp;apos;t exist)
  (The process started from chrome location /usr/bin/google-chrome is no longer running, so ChromeDriver is assuming that Chrome has crashed.)
Build info: version: &amp;apos;3.141.59&amp;apos;, revision: &amp;apos;e82be7d358&amp;apos;, time: &amp;apos;2018-11-14T08:25:53&amp;apos;
System info: host: &amp;apos;92e4d10d6b31&amp;apos;, ip: &amp;apos;172.18.0.3&amp;apos;, os.name: &amp;apos;Linux&amp;apos;, os.arch: &amp;apos;amd64&amp;apos;, os.version: &amp;apos;6.6.32-linuxkit&amp;apos;, java.version: &amp;apos;1.8.0_292&amp;apos;
Driver info: driver.version: unknown
remote stacktrace: #0 0x555555f7e8f3 &amp;lt;unknown&amp;gt;
#1 0x555555a63ba8 &amp;lt;unknown&amp;gt;
#2 0x555555a86e33 &amp;lt;unknown&amp;gt;
#3 0x555555a829ef &amp;lt;unknown&amp;gt;
#4 0x555555abc995 &amp;lt;unknown&amp;gt;
#5 0x555555ab6d63 &amp;lt;unknown&amp;gt;
#6 0x555555a8d144 &amp;lt;unknown&amp;gt;
#7 0x555555a8e135 &amp;lt;unknown&amp;gt;
#8 0x555555fadc3e &amp;lt;unknown&amp;gt;
#9 0x555555fc36b7 &amp;lt;unknown&amp;gt;
#10 0x555555faeb95 &amp;lt;unknown&amp;gt;
#11 0x555555fc4b05 &amp;lt;unknown&amp;gt;
#12 0x555555fa32ab &amp;lt;unknown&amp;gt;
#13 0x555555fdf248 &amp;lt;unknown&amp;gt;
#14 0x555555fdf3c8 &amp;lt;unknown&amp;gt;
#15 0x555555ffa33d &amp;lt;unknown&amp;gt;
#16 0x7fffff7a6609 start_thread
 
Host info: host: &amp;apos;DheenatalansAir.fios-router.home&amp;apos;, ip: &amp;apos;fe80:0:0:0:1048:c625:ea10:1dec%en0&amp;apos;
Build info: version: &amp;apos;4.16.1&amp;apos;, revision: &amp;apos;9b4c83354e&amp;apos;
System info: os.name: &amp;apos;Mac OS X&amp;apos;, os.arch: &amp;apos;x86_64&amp;apos;, os.version: &amp;apos;14.4.1&amp;apos;, java.version: &amp;apos;17.0.9&amp;apos;
Driver info: org.openqa.selenium.remote.RemoteWebDriver
Command: [null, newSession {capabilities=[Capabilities {browserName: chrome, goog:chromeOptions: {args: [], extensions: []}}]}]
Capabilities {browserName: chrome, goog:chromeOptions: {args: [], extensions: []}}">
      <![CDATA[org.openqa.selenium.SessionNotCreatedException: Could not start a new session. Response code 500. Message: unknown error: Chrome failed to start: exited abnormally.
  (unknown error: DevToolsActivePort file doesn't exist)
  (The process started from chrome location /usr/bin/google-chrome is no longer running, so ChromeDriver is assuming that Chrome has crashed.)
Build info: version: '3.141.59', revision: 'e82be7d358', time: '2018-11-14T08:25:53'
System info: host: '92e4d10d6b31', ip: '172.18.0.3', os.name: 'Linux', os.arch: 'amd64', os.version: '6.6.32-linuxkit', java.version: '1.8.0_292'
Driver info: driver.version: unknown
remote stacktrace: #0 0x555555f7e8f3 <unknown>
#1 0x555555a63ba8 <unknown>
#2 0x555555a86e33 <unknown>
#3 0x555555a829ef <unknown>
#4 0x555555abc995 <unknown>
#5 0x555555ab6d63 <unknown>
#6 0x555555a8d144 <unknown>
#7 0x555555a8e135 <unknown>
#8 0x555555fadc3e <unknown>
#9 0x555555fc36b7 <unknown>
#10 0x555555faeb95 <unknown>
#11 0x555555fc4b05 <unknown>
#12 0x555555fa32ab <unknown>
#13 0x555555fdf248 <unknown>
#14 0x555555fdf3c8 <unknown>
#15 0x555555ffa33d <unknown>
#16 0x7fffff7a6609 start_thread
 
Host info: host: 'DheenatalansAir.fios-router.home', ip: 'fe80:0:0:0:1048:c625:ea10:1dec%en0'
Build info: version: '4.16.1', revision: '9b4c83354e'
System info: os.name: 'Mac OS X', os.arch: 'x86_64', os.version: '14.4.1', java.version: '17.0.9'
Driver info: org.openqa.selenium.remote.RemoteWebDriver
Command: [null, newSession {capabilities=[Capabilities {browserName: chrome, goog:chromeOptions: {args: [], extensions: []}}]}]
Capabilities {browserName: chrome, goog:chromeOptions: {args: [], extensions: []}}
at org.openqa.selenium.remote.ProtocolHandshake.createSession(ProtocolHandshake.java:140)
at org.openqa.selenium.remote.ProtocolHandshake.createSession(ProtocolHandshake.java:96)
at org.openqa.selenium.remote.ProtocolHandshake.createSession(ProtocolHandshake.java:68)
at org.openqa.selenium.remote.HttpCommandExecutor.execute(HttpCommandExecutor.java:163)
at org.openqa.selenium.remote.TracedCommandExecutor.execute(TracedCommandExecutor.java:51)
at org.openqa.selenium.remote.RemoteWebDriver.execute(RemoteWebDriver.java:523)
at org.openqa.selenium.remote.RemoteWebDriver.startSession(RemoteWebDriver.java:237)
at org.openqa.selenium.remote.RemoteWebDriver.<init>(RemoteWebDriver.java:164)
at org.openqa.selenium.remote.RemoteWebDriver.<init>(RemoteWebDriver.java:144)
at driver.driverFactory.getDriver(driverFactory.java:18)
at Hooks.hooks.setUp(hooks.java:20)
]]>
    </failure>
  </testcase> <!-- runScenario -->
</testsuite> <!-- Test -->
